生成启动时间为 2016/4/1 13:48:39。
     1>项目“E:\vscode\opencv\opencv\opencv.vcxproj”在节点 2 上(build 个目标)。
     1>InitializeBuildStatus:
         正在创建“Debug\opencv.unsuccessfulbuild”，因为已指定“AlwaysCreate”。
       ClCompile:
         d:\Program Files (x86)\Microsoft Visual Studio 10.0\VC\bin\CL.exe /c /ZI /nologo /W3 /WX- /Od /Oy- /D WIN32 /D _DEBUG /D _CONSOLE /D _UNICODE /D UNICODE /Gm /EHsc /RTC1 /MDd /GS /fp:precise /Zc:wchar_t /Zc:forScope /Fo"Debug\\" /Fd"Debug\vc100.pdb" /Gd /TP /analyze- /errorReport:prompt Face.cpp FaceProbe.cpp
         FaceProbe.cpp
         Face.cpp
         正在生成代码...
       ManifestResourceCompile:
         所有输出均为最新。
       Link:
         d:\Program Files (x86)\Microsoft Visual Studio 10.0\VC\bin\link.exe /ERRORREPORT:PROMPT /OUT:"E:\vscode\opencv\Debug\opencv.exe" /INCREMENTAL /NOLOGO opencv_calib3d247d.lib opencv_contrib247d.lib opencv_core247d.lib opencv_features2d247d.lib opencv_flann247d.lib opencv_gpu247d.lib opencv_highgui247d.lib opencv_imgproc247d.lib opencv_legacy247d.lib opencv_ml247d.lib opencv_nonfree247d.lib opencv_objdetect247d.lib opencv_ocl247d.lib opencv_photo247d.lib opencv_stitching247d.lib opencv_superres247d.lib opencv_ts247d.lib opencv_video247d.lib opencv_videostab247d.lib opencv_calib3d247.lib opencv_contrib247.lib opencv_core247.lib opencv_features2d247.lib opencv_flann247.lib opencv_gpu247.lib opencv_highgui247.lib opencv_imgproc247.lib opencv_legacy247.lib opencv_ml247.lib opencv_nonfree247.lib opencv_objdetect247.lib opencv_ocl247.lib opencv_photo247.lib opencv_stitching247.lib opencv_superres247.lib opencv_ts247.lib opencv_video247.lib opencv_videostab247.lib kernel32.lib user32.lib gdi32.lib winspool.lib comdlg32.lib advapi32.lib shell32.lib ole32.lib oleaut32.lib uuid.lib odbc32.lib odbccp32.lib /MANIFEST /ManifestFile:"Debug\opencv.exe.intermediate.manifest" /MANIFESTUAC:"level='asInvoker' uiAccess='false'" /DEBUG /PDB:"E:\vscode\opencv\Debug\opencv.pdb" /SUBSYSTEM:CONSOLE /TLBID:1 /DYNAMICBASE /NXCOMPAT /IMPLIB:"E:\vscode\opencv\Debug\opencv.lib" /MACHINE:X86 Debug\opencv.exe.embed.manifest.res
         Debug\accessPixel.obj
         Debug\basicShape.obj
         Debug\Face.obj
         Debug\FaceProbe.obj
         Debug\HaarPic.obj
         Debug\HaarVideo.obj
         Debug\imgInputShowOutput.obj
         Debug\imwrite.obj
         Debug\matTest.obj
         Debug\mouseOp.obj
         Debug\MoveProbe.obj
         Debug\opencvPicBasic.obj
         Debug\opencvVideoBasic.obj
         Debug\PeopleBody.obj
         Debug\ROItest.obj
         Debug\trackbar.obj
       Manifest:
         C:\Program Files (x86)\Microsoft SDKs\Windows\v7.0A\bin\mt.exe /nologo /verbose /out:"Debug\opencv.exe.embed.manifest" /manifest Debug\opencv.exe.intermediate.manifest
         所有输出均为最新。
       LinkEmbedManifest:
         所有输出均为最新。
         opencv.vcxproj -> E:\vscode\opencv\Debug\opencv.exe
       FinalizeBuildStatus:
         正在删除文件“Debug\opencv.unsuccessfulbuild”。
         正在对“Debug\opencv.lastbuildstate”执行 Touch 任务。
     1>已完成生成项目“E:\vscode\opencv\opencv\opencv.vcxproj”(build 个目标)的操作。

生成成功。

已用时间 00:00:02.83
